e:\3ro semestre\sis457\pacmangrupo1_sis457\ppacmanusfx\x64\debug\vc142.pdb
e:\3ro semestre\sis457\pacmangrupo1_sis457\ppacmanusfx\x64\debug\vc142.idb
e:\3ro semestre\sis457\pacmangrupo1_sis457\ppacmanusfx\x64\debug\pacmanclasico.obj
e:\3ro semestre\sis457\pacmangrupo1_sis457\ppacmanusfx\x64\debug\pacmanbase.obj
e:\3ro semestre\sis457\pacmangrupo1_sis457\ppacmanusfx\x64\debug\pacman.obj
e:\3ro semestre\sis457\pacmangrupo1_sis457\ppacmanusfx\x64\debug\monedagalactico.obj
e:\3ro semestre\sis457\pacmangrupo1_sis457\ppacmanusfx\x64\debug\monedaclasico.obj
e:\3ro semestre\sis457\pacmangrupo1_sis457\ppacmanusfx\x64\debug\moneda.obj
e:\3ro semestre\sis457\pacmangrupo1_sis457\ppacmanusfx\x64\debug\mapgenerator.obj
e:\3ro semestre\sis457\pacmangrupo1_sis457\ppacmanusfx\x64\debug\main.obj
e:\3ro semestre\sis457\pacmangrupo1_sis457\ppacmanusfx\x64\debug\gamepanel.obj
e:\3ro semestre\sis457\pacmangrupo1_sis457\ppacmanusfx\x64\debug\gameobject.obj
e:\3ro semestre\sis457\pacmangrupo1_sis457\ppacmanusfx\x64\debug\gamemanager.obj
e:\3ro semestre\sis457\pacmangrupo1_sis457\ppacmanusfx\x64\debug\frutagalactico.obj
e:\3ro semestre\sis457\pacmangrupo1_sis457\ppacmanusfx\x64\debug\frutaclasico.obj
e:\3ro semestre\sis457\pacmangrupo1_sis457\ppacmanusfx\x64\debug\fruta.obj
e:\3ro semestre\sis457\pacmangrupo1_sis457\ppacmanusfx\x64\debug\fantasmagalactico.obj
e:\3ro semestre\sis457\pacmangrupo1_sis457\ppacmanusfx\x64\debug\fantasmaclasico.obj
e:\3ro semestre\sis457\pacmangrupo1_sis457\ppacmanusfx\x64\debug\fantasma.obj
e:\3ro semestre\sis457\pacmangrupo1_sis457\ppacmanusfx\x64\debug\factorypacmangalactico.obj
e:\3ro semestre\sis457\pacmangrupo1_sis457\ppacmanusfx\x64\debug\factory.obj
e:\3ro semestre\sis457\pacmangrupo1_sis457\ppacmanusfx\x64\debug\tilegraph.obj
e:\3ro semestre\sis457\pacmangrupo1_sis457\ppacmanusfx\x64\debug\tile.obj
e:\3ro semestre\sis457\pacmangrupo1_sis457\ppacmanusfx\x64\debug\texturemanager.obj
e:\3ro semestre\sis457\pacmangrupo1_sis457\ppacmanusfx\x64\debug\textureanimation.obj
e:\3ro semestre\sis457\pacmangrupo1_sis457\ppacmanusfx\x64\debug\texture.obj
e:\3ro semestre\sis457\pacmangrupo1_sis457\ppacmanusfx\x64\debug\pathfinder.obj
e:\3ro semestre\sis457\pacmangrupo1_sis457\ppacmanusfx\x64\debug\paredgalactico.obj
e:\3ro semestre\sis457\pacmangrupo1_sis457\ppacmanusfx\x64\debug\pared.obj
e:\3ro semestre\sis457\pacmangrupo1_sis457\ppacmanusfx\x64\debug\pacmangalactico.obj
e:\3ro semestre\sis457\pacmangrupo1_sis457\ppacmanusfx\x64\debug\ppacmanusfx.tlog\cl.command.1.tlog
e:\3ro semestre\sis457\pacmangrupo1_sis457\ppacmanusfx\x64\debug\ppacmanusfx.tlog\cl.read.1.tlog
e:\3ro semestre\sis457\pacmangrupo1_sis457\ppacmanusfx\x64\debug\ppacmanusfx.tlog\cl.write.1.tlog
